<?xml version="1.0" encoding="UTF-8"?>
<!-- Generated by org.testng.reporters.JUnitXMLReporter -->
<testsuite hostname="in-madhurvk-1" ignored="0" name="Create Ticket Test" tests="1" failures="0" timestamp="02 Jan 2020 10:53:02 GMT" time="0.032" errors="0">
  <testcase name="@AfterMethod getResultStatus" time="0.0" classname="com.apd.inteliserve.general.BaseTest">
    <skipped/>
  </testcase> <!-- @AfterMethod getResultStatus -->
  <testcase name="createTicket" time="0.0" classname="com.apd.inteliserve.sanity.CreateTicket">
    <skipped/>
  </testcase> <!-- createTicket -->
</testsuite> <!-- Create Ticket Test -->
