<?xml version="1.0" encoding="UTF-8"?>
<testng-results skipped="0" failed="0" ignored="0" total="1" passed="1">
  <reporter-output>
  </reporter-output>
  <suite name="Default suite" duration-ms="1470" started-at="2020-01-06T09:33:58Z" finished-at="2020-01-06T09:34:00Z">
    <groups>
    </groups>
    <test name="Default test" duration-ms="1470" started-at="2020-01-06T09:33:58Z" finished-at="2020-01-06T09:34:00Z">
      <class name="com.apd.inteliserve.sanity.SuiteRun">
        <test-method status="PASS" signature="suiteRun()[pri:0, instance:com.apd.inteliserve.sanity.SuiteRun@57fffcd7]" name="suiteRun" duration-ms="1433" started-at="2020-01-06T09:33:58Z" finished-at="2020-01-06T09:34:00Z">
          <reporter-output>
          </reporter-output>
        </test-method> <!-- suiteRun -->
      </class> <!-- com.apd.inteliserve.sanity.SuiteRun -->
    </test> <!-- Default test -->
  </suite> <!-- Default suite -->
</testng-results>
